Determining if the pthread_create exist failed with the following output:
Change Dir: /home/hx/stim300/src/stim300/cmake-build-debug/CMakeFiles/CMakeTmp

Run Build Command:"/usr/bin/make" "cmTC_79097/fast"
/usr/bin/make -f CMakeFiles/cmTC_79097.dir/build.make CMakeFiles/cmTC_79097.dir/build
make[1]: 进入目录“/home/hx/stim300/src/stim300/cmake-build-debug/CMakeFiles/CMakeTmp”
Building C object CMakeFiles/cmTC_79097.dir/CheckSymbolExists.c.o
/usr/bin/cc    -o CMakeFiles/cmTC_79097.dir/CheckSymbolExists.c.o   -c /home/hx/stim300/src/stim300/cmake-build-debug/CMakeFiles/CMakeTmp/CheckSymbolExists.c
Linking C executable cmTC_79097
/usr/bin/cmake -E cmake_link_script CMakeFiles/cmTC_79097.dir/link.txt --verbose=1
/usr/bin/cc      -rdynamic CMakeFiles/cmTC_79097.dir/CheckSymbolExists.c.o  -o cmTC_79097 
CMakeFiles/cmTC_79097.dir/CheckSymbolExists.c.o：在函数‘main’中：
CheckSymbolExists.c:(.text+0x1b)：对‘pthread_create’未定义的引用
collect2: error: ld returned 1 exit status
CMakeFiles/cmTC_79097.dir/build.make:97: recipe for target 'cmTC_79097' failed
make[1]: *** [cmTC_79097] Error 1
make[1]: 离开目录“/home/hx/stim300/src/stim300/cmake-build-debug/CMakeFiles/CMakeTmp”
Makefile:126: recipe for target 'cmTC_79097/fast' failed
make: *** [cmTC_79097/fast] Error 2

File /home/hx/stim300/src/stim300/cmake-build-debug/CMakeFiles/CMakeTmp/CheckSymbolExists.c:
/* */
#include <pthread.h>

int main(int argc, char** argv)
{
  (void)argv;
#ifndef pthread_create
  return ((int*)(&pthread_create))[argc];
#else
  (void)argc;
  return 0;
#endif
}

Determining if the function pthread_create exists in the pthreads failed with the following output:
Change Dir: /home/hx/stim300/src/stim300/cmake-build-debug/CMakeFiles/CMakeTmp

Run Build Command:"/usr/bin/make" "cmTC_893e8/fast"
/usr/bin/make -f CMakeFiles/cmTC_893e8.dir/build.make CMakeFiles/cmTC_893e8.dir/build
make[1]: 进入目录“/home/hx/stim300/src/stim300/cmake-build-debug/CMakeFiles/CMakeTmp”
Building C object CMakeFiles/cmTC_893e8.dir/CheckFunctionExists.c.o
/usr/bin/cc   -DCHECK_FUNCTION_EXISTS=pthread_create   -o CMakeFiles/cmTC_893e8.dir/CheckFunctionExists.c.o   -c /usr/share/cmake-3.10/Modules/CheckFunctionExists.c
Linking C executable cmTC_893e8
/usr/bin/cmake -E cmake_link_script CMakeFiles/cmTC_893e8.dir/link.txt --verbose=1
/usr/bin/cc  -DCHECK_FUNCTION_EXISTS=pthread_create    -rdynamic CMakeFiles/cmTC_893e8.dir/CheckFunctionExists.c.o  -o cmTC_893e8 -lpthreads 
/usr/bin/ld: 找不到 -lpthreads
collect2: error: ld returned 1 exit status
CMakeFiles/cmTC_893e8.dir/build.make:97: recipe for target 'cmTC_893e8' failed
make[1]: *** [cmTC_893e8] Error 1
make[1]: 离开目录“/home/hx/stim300/src/stim300/cmake-build-debug/CMakeFiles/CMakeTmp”
Makefile:126: recipe for target 'cmTC_893e8/fast' failed
make: *** [cmTC_893e8/fast] Error 2


